\BOOKMARK [1][-]{section.1}{Introduction}{}% 1
\BOOKMARK [2][-]{subsection.1.1}{Background}{section.1}% 2
\BOOKMARK [1][-]{section.2}{Materials, Tools and Skills}{}% 3
\BOOKMARK [2][-]{subsection.2.1}{Materials Required}{section.2}% 4
\BOOKMARK [2][-]{subsection.2.2}{Tools Required}{section.2}% 5
\BOOKMARK [1][-]{section.3}{P.D.S.C. Saftey Guidelines}{}% 6
\BOOKMARK [1][-]{section.4}{Preparing the Location}{}% 7
\BOOKMARK [2][-]{subsection.4.1}{Environmental Specifications}{section.4}% 8
\BOOKMARK [1][-]{section.5}{Building the P.D.S.C.}{}% 9
\BOOKMARK [2][-]{subsection.5.1}{Building the P.D.S.C. Dish Template}{section.5}% 10
\BOOKMARK [2][-]{subsection.5.2}{Building the P.D.S.C. Dish}{section.5}% 11
\BOOKMARK [2][-]{subsection.5.3}{Building the P.D.S.C. Frame}{section.5}% 12
\BOOKMARK [2][-]{subsection.5.4}{Assembling the P.D.S.C.}{section.5}% 13
\BOOKMARK [1][-]{section.6}{P.D.S.C. Operation}{}% 14
\BOOKMARK [2][-]{subsection.6.1}{Cooking food}{section.6}% 15
\BOOKMARK [2][-]{subsection.6.2}{Pasturizing water}{section.6}% 16
\BOOKMARK [1][-]{section.7}{Maintainance and Troubleshooting}{}% 17
\BOOKMARK [2][-]{subsection.7.1}{Maintanaince}{section.7}% 18
\BOOKMARK [2][-]{subsection.7.2}{Troubleshooting}{section.7}% 19
\BOOKMARK [1][-]{section.8}{Additional Use Cases}{}% 20
\BOOKMARK [2][-]{subsection.8.1}{Heating Water}{section.8}% 21
\BOOKMARK [2][-]{subsection.8.2}{Steam Generation}{section.8}% 22
\BOOKMARK [2][-]{subsection.8.3}{Under-floor Heating}{section.8}% 23
\BOOKMARK [1][-]{section*.3}{Appendices}{}% 24
\BOOKMARK [1][-]{appendix.A}{Drawing a Parabola}{}% 25
